{
  "stats": {
    "suites": 1,
    "tests": 9,
    "passes": 9,
    "pending": 0,
    "failures": 0,
    "start": "2024-02-22T14:20:58.029Z",
    "end": "2024-02-22T14:20:58.986Z",
    "duration": 957,
    "testsRegistered": 9,
    "passPercent": 100,
    "pendingPercent": 0,
    "other": 0,
    "hasOther": false,
    "skipped": 0,
    "hasSkipped": false
  },
  "results": [
    {
      "uuid": "2227d664-6cb2-4e79-8fe3-8252abcdff8f",
      "title": "",
      "fullFile": "/Users/alheranijunivia/Documents/QA/QA - Sanber53/Tugas Pekan 3 - API Automation/Sanber53-TugasPekanan3-APIAutomation/module/test/suites/units.suite.js",
      "file": "/module/test/suites/units.suite.js",
      "beforeHooks": [],
      "afterHooks": [],
      "tests": [],
      "suites": [
        {
          "uuid": "25212bbe-c1a6-415b-994a-3eb281399cfb",
          "title": "End to End - Units",
          "fullFile": "/Users/alheranijunivia/Documents/QA/QA - Sanber53/Tugas Pekan 3 - API Automation/Sanber53-TugasPekanan3-APIAutomation/module/test/suites/units.suite.js",
          "file": "/module/test/suites/units.suite.js",
          "beforeHooks": [],
          "afterHooks": [],
          "tests": [
            {
              "title": "Positive - success create units",
              "fullTitle": "End to End - Units Positive - success create units",
              "timedOut": false,
              "duration": 165,
              "state": "passed",
              "speed": "slow",
              "pass": true,
              "fail": false,
              "pending": false,
              "context": null,
              "code": "const payload = {\n    \"name\": \"gram\",\n    \"description\": \"weight measurement\"\n }\n \n \nconst response = await createUnit.create(payload)\nconsole.log((await response).body)\n            \nexpect((await response).status).to.equal(201)\nconsole.log((await response).body)",
              "err": {},
              "uuid": "dfaa25d9-3520-4c5a-9e12-d922dacf1396",
              "parentUUID": "25212bbe-c1a6-415b-994a-3eb281399cfb",
              "isHook": false,
              "skipped": false
            },
            {
              "title": "Negative - failed create units",
              "fullTitle": "End to End - Units Negative - failed create units",
              "timedOut": false,
              "duration": 108,
              "state": "passed",
              "speed": "slow",
              "pass": true,
              "fail": false,
              "pending": false,
              "context": null,
              "code": "const payload = {\n    \"name\": \"\",\n    \"description\": \"weight measurement\"\n }\n \n const response = await createUnit.create(payload)\nconsole.log((await response).body)\n            \nexpect((await response).status).to.equal(400)\nconsole.log((await response).body)",
              "err": {},
              "uuid": "23deceb2-cead-4e03-a38d-9272c9d726a8",
              "parentUUID": "25212bbe-c1a6-415b-994a-3eb281399cfb",
              "isHook": false,
              "skipped": false
            },
            {
              "title": "Positive - success get all units",
              "fullTitle": "End to End - Units Positive - success get all units",
              "timedOut": false,
              "duration": 120,
              "state": "passed",
              "speed": "slow",
              "pass": true,
              "fail": false,
              "pending": false,
              "context": null,
              "code": "const response = await getUnits.getall()\nconsole.log((await response).body)\n\nexpect((await response).status).to.equal(200)\nconsole.log((await response).body)",
              "err": {},
              "uuid": "9a1bb981-01a3-4a97-9a47-cb7aa970902b",
              "parentUUID": "25212bbe-c1a6-415b-994a-3eb281399cfb",
              "isHook": false,
              "skipped": false
            },
            {
              "title": "Positive - success get units with parameter",
              "fullTitle": "End to End - Units Positive - success get units with parameter",
              "timedOut": false,
              "duration": 97,
              "state": "passed",
              "speed": "slow",
              "pass": true,
              "fail": false,
              "pending": false,
              "context": null,
              "code": "const parameterID =\"0c98498e-92c2-4013-b0b8-c6ad243af6c0\";\nconst response = await getUnits.getID(parameterID)\nconsole.log((await response).body)\n    \nexpect((await response).status).to.equal(200)\nconsole.log((await response).body)",
              "err": {},
              "uuid": "9a07029f-f653-487e-9bbd-fb894c17eb7c",
              "parentUUID": "25212bbe-c1a6-415b-994a-3eb281399cfb",
              "isHook": false,
              "skipped": false
            },
            {
              "title": "Negative - success get units with wrong parameter",
              "fullTitle": "End to End - Units Negative - success get units with wrong parameter",
              "timedOut": false,
              "duration": 93,
              "state": "passed",
              "speed": "slow",
              "pass": true,
              "fail": false,
              "pending": false,
              "context": null,
              "code": "const wrongparameterID =\"1239370ae8bc\";\nconst response = await getUnits.getID(wrongparameterID)\nconsole.log((await response).body)\nexpect((await response).status).to.equal(404)\nconsole.log((await response).body)",
              "err": {},
              "uuid": "13b9ef31-3886-4f75-9b8c-7f673cca6d0c",
              "parentUUID": "25212bbe-c1a6-415b-994a-3eb281399cfb",
              "isHook": false,
              "skipped": false
            },
            {
              "title": "Positive - success update units",
              "fullTitle": "End to End - Units Positive - success update units",
              "timedOut": false,
              "duration": 89,
              "state": "passed",
              "speed": "slow",
              "pass": true,
              "fail": false,
              "pending": false,
              "context": null,
              "code": "const payload = {\n    \"name\": \"gram\",\n    \"description\": \"desc weight measurement\"\n }     \nconst parameterID =\"ce73cf4c-1a46-43e1-87b1-f775c8da6fe3\";\nconst response = await updateUnits.update(parameterID,payload)\nconsole.log((await response).body)\n        \nexpect((await response).status).to.equal(200)\nconsole.log((await response).body)",
              "err": {},
              "uuid": "376928a7-7c39-40f0-9e8d-9732470494b8",
              "parentUUID": "25212bbe-c1a6-415b-994a-3eb281399cfb",
              "isHook": false,
              "skipped": false
            },
            {
              "title": "Negative - failed update units",
              "fullTitle": "End to End - Units Negative - failed update units",
              "timedOut": false,
              "duration": 89,
              "state": "passed",
              "speed": "slow",
              "pass": true,
              "fail": false,
              "pending": false,
              "context": null,
              "code": "const payload = {\n    \"name\": \"gram\",\n    \"description\": \"desc weight measurement\"\n }        \nconst parameterID =\"a781e748\";\nconst response = await updateUnits.update(parameterID.payload)\nconsole.log((await response).body)\n        \nexpect((await response).status).to.equal(400)\nconsole.log((await response).body)",
              "err": {},
              "uuid": "6640d5f4-2c1f-40f0-b2fd-0e60d526de91",
              "parentUUID": "25212bbe-c1a6-415b-994a-3eb281399cfb",
              "isHook": false,
              "skipped": false
            },
            {
              "title": "Positive - success delete units",
              "fullTitle": "End to End - Units Positive - success delete units",
              "timedOut": false,
              "duration": 92,
              "state": "passed",
              "speed": "slow",
              "pass": true,
              "fail": false,
              "pending": false,
              "context": null,
              "code": "const parameterID =\"ce73cf4c-1a46-43e1-87b1-f775c8da6fe3\";\n    const response = await deleteUnits.delete(parameterID)\n    console.log((await response).body)\n    \n    expect((await response).status).to.equal(200)\n    console.log((await response).body)",
              "err": {},
              "uuid": "bbe449ac-972a-4ec8-a573-ca13c7eb6019",
              "parentUUID": "25212bbe-c1a6-415b-994a-3eb281399cfb",
              "isHook": false,
              "skipped": false
            },
            {
              "title": "Negative - failed delete units",
              "fullTitle": "End to End - Units Negative - failed delete units",
              "timedOut": false,
              "duration": 91,
              "state": "passed",
              "speed": "slow",
              "pass": true,
              "fail": false,
              "pending": false,
              "context": null,
              "code": "const parameterID =\"a781e748\";\n    const response = await deleteUnits.delete(parameterID)\n    console.log((await response).body)\n        \n    expect((await response).status).to.equal(404)\n    console.log((await response).body)",
              "err": {},
              "uuid": "98a4820b-9466-4672-b952-334bd256aa3c",
              "parentUUID": "25212bbe-c1a6-415b-994a-3eb281399cfb",
              "isHook": false,
              "skipped": false
            }
          ],
          "suites": [],
          "passes": [
            "dfaa25d9-3520-4c5a-9e12-d922dacf1396",
            "23deceb2-cead-4e03-a38d-9272c9d726a8",
            "9a1bb981-01a3-4a97-9a47-cb7aa970902b",
            "9a07029f-f653-487e-9bbd-fb894c17eb7c",
            "13b9ef31-3886-4f75-9b8c-7f673cca6d0c",
            "376928a7-7c39-40f0-9e8d-9732470494b8",
            "6640d5f4-2c1f-40f0-b2fd-0e60d526de91",
            "bbe449ac-972a-4ec8-a573-ca13c7eb6019",
            "98a4820b-9466-4672-b952-334bd256aa3c"
          ],
          "failures": [],
          "pending": [],
          "skipped": [],
          "duration": 944,
          "root": false,
          "rootEmpty": false,
          "_timeout": 2000
        }
      ],
      "passes": [],
      "failures": [],
      "pending": [],
      "skipped": [],
      "duration": 0,
      "root": true,
      "rootEmpty": true,
      "_timeout": 2000
    }
  ],
  "meta": {
    "mocha": {
      "version": "10.3.0"
    },
    "mochawesome": {
      "options": {
        "quiet": false,
        "reportFilename": "mochawesome",
        "saveHtml": true,
        "saveJson": true,
        "consoleReporter": "spec",
        "useInlineDiffs": false,
        "code": true
      },
      "version": "7.1.3"
    },
    "marge": {
      "options": null,
      "version": "6.2.0"
    }
  }
}